<?xml version="1.0" encoding="UTF-8"?>
<!-- Generated by org.testng.reporters.JUnitXMLReporter -->
<testsuite hostname="DESKTOP-2TMHIEP" ignored="13" name="Test" tests="2" failures="0" timestamp="27 Jan 2022 15:08:36 GMT" time="28.991" errors="0">
  <testcase name="verifyBooksByClickingOnSideBarBtn" time="1.43" classname="com.test.testcases.TestCases"/>
  <testcase name="verifyBooksByClickingOnNavigationBarBtn" time="3.859" classname="com.test.testcases.TestCases"/>
  <testcase name="createBookWithTitleLessThan8Char" time="0.0" classname="com.test.testcases.TestCases">
    <ignored/>
  </testcase> <!-- createBookWithTitleLessThan8Char -->
  <testcase name="verifyAuthorsByClickingOnSideBarBtn" time="0.0" classname="com.test.testcases.TestCases">
    <ignored/>
  </testcase> <!-- verifyAuthorsByClickingOnSideBarBtn -->
  <testcase name="verifyAuthorsByClickingOnNavigationBarBtn" time="0.0" classname="com.test.testcases.TestCases">
    <ignored/>
  </testcase> <!-- verifyAuthorsByClickingOnNavigationBarBtn -->
  <testcase name="editBook" time="0.0" classname="com.test.testcases.TestCases">
    <ignored/>
  </testcase> <!-- editBook -->
  <testcase name="clearTextBoxWhileCreateBook" time="0.0" classname="com.test.testcases.TestCases">
    <ignored/>
  </testcase> <!-- clearTextBoxWhileCreateBook -->
  <testcase name="verifyHomePageByClickingOnProjectName" time="0.0" classname="com.test.testcases.TestCases">
    <ignored/>
  </testcase> <!-- verifyHomePageByClickingOnProjectName -->
  <testcase name="clearTextBoxWhileEditBook" time="0.0" classname="com.test.testcases.TestCases">
    <ignored/>
  </testcase> <!-- clearTextBoxWhileEditBook -->
  <testcase name="searchBook" time="0.0" classname="com.test.testcases.TestCases">
    <ignored/>
  </testcase> <!-- searchBook -->
  <testcase name="createBook" time="0.0" classname="com.test.testcases.TestCases">
    <ignored/>
  </testcase> <!-- createBook -->
  <testcase name="deleteBook" time="0.0" classname="com.test.testcases.TestCases">
    <ignored/>
  </testcase> <!-- deleteBook -->
  <testcase name="verifyHomePageByClickingOnNavigationBarBtn" time="0.0" classname="com.test.testcases.TestCases">
    <ignored/>
  </testcase> <!-- verifyHomePageByClickingOnNavigationBarBtn -->
  <testcase name="editBookWithTitleLessThan8Char" time="0.0" classname="com.test.testcases.TestCases">
    <ignored/>
  </testcase> <!-- editBookWithTitleLessThan8Char -->
  <testcase name="verifyHomePageByClickingSideBarBtn" time="0.0" classname="com.test.testcases.TestCases">
    <ignored/>
  </testcase> <!-- verifyHomePageByClickingSideBarBtn -->
</testsuite> <!-- Test -->
